Determining if the pthread_create exist failed with the following output:
Change Dir: /home/uauser/CLionProjects/Tram_SecSpec_4_5/cmake-build-debug/CMakeFiles/CMakeTmp

Run Build Command:"/usr/bin/make" "cmTC_b10d1/fast"
/usr/bin/make -f CMakeFiles/cmTC_b10d1.dir/build.make CMakeFiles/cmTC_b10d1.dir/build
make[1]: Entering directory '/home/uauser/CLionProjects/Tram_SecSpec_4_5/cmake-build-debug/CMakeFiles/CMakeTmp'
Building C object CMakeFiles/cmTC_b10d1.dir/CheckSymbolExists.c.o
/usr/bin/cc     -o CMakeFiles/cmTC_b10d1.dir/CheckSymbolExists.c.o   -c /home/uauser/CLionProjects/Tram_SecSpec_4_5/cmake-build-debug/CMakeFiles/CMakeTmp/CheckSymbolExists.c
Linking C executable cmTC_b10d1
/opt/clion-2016.3.2/bin/cmake/bin/cmake -E cmake_link_script CMakeFiles/cmTC_b10d1.dir/link.txt --verbose=1
/usr/bin/cc       CMakeFiles/cmTC_b10d1.dir/CheckSymbolExists.c.o  -o cmTC_b10d1 -rdynamic 
CMakeFiles/cmTC_b10d1.dir/CheckSymbolExists.c.o: In function `main':
CheckSymbolExists.c:(.text+0x16): undefined reference to `pthread_create'
collect2: error: ld returned 1 exit status
CMakeFiles/cmTC_b10d1.dir/build.make:97: recipe for target 'cmTC_b10d1' failed
make[1]: *** [cmTC_b10d1] Error 1
make[1]: Leaving directory '/home/uauser/CLionProjects/Tram_SecSpec_4_5/cmake-build-debug/CMakeFiles/CMakeTmp'
Makefile:126: recipe for target 'cmTC_b10d1/fast' failed
make: *** [cmTC_b10d1/fast] Error 2

File /home/uauser/CLionProjects/Tram_SecSpec_4_5/cmake-build-debug/CMakeFiles/CMakeTmp/CheckSymbolExists.c:
/* */
#include <pthread.h>

int main(int argc, char** argv)
{
  (void)argv;
#ifndef pthread_create
  return ((int*)(&pthread_create))[argc];
#else
  (void)argc;
  return 0;
#endif
}

Determining if the function pthread_create exists in the pthreads failed with the following output:
Change Dir: /home/uauser/CLionProjects/Tram_SecSpec_4_5/cmake-build-debug/CMakeFiles/CMakeTmp

Run Build Command:"/usr/bin/make" "cmTC_4c4da/fast"
/usr/bin/make -f CMakeFiles/cmTC_4c4da.dir/build.make CMakeFiles/cmTC_4c4da.dir/build
make[1]: Entering directory '/home/uauser/CLionProjects/Tram_SecSpec_4_5/cmake-build-debug/CMakeFiles/CMakeTmp'
Building C object CMakeFiles/cmTC_4c4da.dir/CheckFunctionExists.c.o
/usr/bin/cc    -DCHECK_FUNCTION_EXISTS=pthread_create   -o CMakeFiles/cmTC_4c4da.dir/CheckFunctionExists.c.o   -c /opt/clion-2016.3.2/bin/cmake/share/cmake-3.6/Modules/CheckFunctionExists.c
Linking C executable cmTC_4c4da
/opt/clion-2016.3.2/bin/cmake/bin/cmake -E cmake_link_script CMakeFiles/cmTC_4c4da.dir/link.txt --verbose=1
/usr/bin/cc   -DCHECK_FUNCTION_EXISTS=pthread_create    CMakeFiles/cmTC_4c4da.dir/CheckFunctionExists.c.o  -o cmTC_4c4da -rdynamic -lpthreads 
/usr/bin/ld: cannot find -lpthreads
collect2: error: ld returned 1 exit status
CMakeFiles/cmTC_4c4da.dir/build.make:97: recipe for target 'cmTC_4c4da' failed
make[1]: *** [cmTC_4c4da] Error 1
make[1]: Leaving directory '/home/uauser/CLionProjects/Tram_SecSpec_4_5/cmake-build-debug/CMakeFiles/CMakeTmp'
Makefile:126: recipe for target 'cmTC_4c4da/fast' failed
make: *** [cmTC_4c4da/fast] Error 2


