Determining if the pthread_create exist failed with the following output:
Change Dir: /home/luuk/CLionProjects/Tram_SECSPEC/CMakeFiles/CMakeTmp

Run Build Command:"/usr/bin/make" "cmTC_0b63b/fast"
/usr/bin/make -f CMakeFiles/cmTC_0b63b.dir/build.make CMakeFiles/cmTC_0b63b.dir/build
make[1]: Entering directory '/home/luuk/CLionProjects/Tram_SECSPEC/CMakeFiles/CMakeTmp'
Building C object CMakeFiles/cmTC_0b63b.dir/CheckSymbolExists.c.o
/usr/bin/cc     -o CMakeFiles/cmTC_0b63b.dir/CheckSymbolExists.c.o   -c /home/luuk/CLionProjects/Tram_SECSPEC/CMakeFiles/CMakeTmp/CheckSymbolExists.c
Linking C executable cmTC_0b63b
/home/luuk/CLion/bin/cmake/bin/cmake -E cmake_link_script CMakeFiles/cmTC_0b63b.dir/link.txt --verbose=1
/usr/bin/cc       CMakeFiles/cmTC_0b63b.dir/CheckSymbolExists.c.o  -o cmTC_0b63b -rdynamic 
CMakeFiles/cmTC_0b63b.dir/CheckSymbolExists.c.o: In function `main':
CheckSymbolExists.c:(.text+0x16): undefined reference to `pthread_create'
collect2: error: ld returned 1 exit status
CMakeFiles/cmTC_0b63b.dir/build.make:97: recipe for target 'cmTC_0b63b' failed
make[1]: *** [cmTC_0b63b] Error 1
make[1]: Leaving directory '/home/luuk/CLionProjects/Tram_SECSPEC/CMakeFiles/CMakeTmp'
Makefile:126: recipe for target 'cmTC_0b63b/fast' failed
make: *** [cmTC_0b63b/fast] Error 2

File /home/luuk/CLionProjects/Tram_SECSPEC/CMakeFiles/CMakeTmp/CheckSymbolExists.c:
/* */
#include <pthread.h>

int main(int argc, char** argv)
{
  (void)argv;
#ifndef pthread_create
  return ((int*)(&pthread_create))[argc];
#else
  (void)argc;
  return 0;
#endif
}

Determining if the function pthread_create exists in the pthreads failed with the following output:
Change Dir: /home/luuk/CLionProjects/Tram_SECSPEC/CMakeFiles/CMakeTmp

Run Build Command:"/usr/bin/make" "cmTC_73d63/fast"
/usr/bin/make -f CMakeFiles/cmTC_73d63.dir/build.make CMakeFiles/cmTC_73d63.dir/build
make[1]: Entering directory '/home/luuk/CLionProjects/Tram_SECSPEC/CMakeFiles/CMakeTmp'
Building C object CMakeFiles/cmTC_73d63.dir/CheckFunctionExists.c.o
/usr/bin/cc    -DCHECK_FUNCTION_EXISTS=pthread_create   -o CMakeFiles/cmTC_73d63.dir/CheckFunctionExists.c.o   -c /home/luuk/CLion/bin/cmake/share/cmake-3.6/Modules/CheckFunctionExists.c
Linking C executable cmTC_73d63
/home/luuk/CLion/bin/cmake/bin/cmake -E cmake_link_script CMakeFiles/cmTC_73d63.dir/link.txt --verbose=1
/usr/bin/cc   -DCHECK_FUNCTION_EXISTS=pthread_create    CMakeFiles/cmTC_73d63.dir/CheckFunctionExists.c.o  -o cmTC_73d63 -rdynamic -lpthreads 
/usr/bin/ld: cannot find -lpthreads
collect2: error: ld returned 1 exit status
CMakeFiles/cmTC_73d63.dir/build.make:97: recipe for target 'cmTC_73d63' failed
make[1]: *** [cmTC_73d63] Error 1
make[1]: Leaving directory '/home/luuk/CLionProjects/Tram_SECSPEC/CMakeFiles/CMakeTmp'
Makefile:126: recipe for target 'cmTC_73d63/fast' failed
make: *** [cmTC_73d63/fast] Error 2


